<?xml version="1.0" encoding="UTF-8"?>
<testng-results skipped="0" failed="0" ignored="0" total="12" passed="12">
  <reporter-output>
  </reporter-output>
  <suite name="Default suite" duration-ms="109343" started-at="2017-10-24T13:43:09Z" finished-at="2017-10-24T13:44:58Z">
    <groups>
    </groups>
    <test name="Default test" duration-ms="109343" started-at="2017-10-24T13:43:09Z" finished-at="2017-10-24T13:44:58Z">
      <class name="com.pack.home.TestExecution.TestRun">
        <test-method status="PASS" signature="executing()[pri:0, instance:com.pack.home.TestExecution.TestRun@42dafa95]" name="executing" is-config="true" duration-ms="17942" started-at="2017-10-24T19:13:09Z" finished-at="2017-10-24T19:13:27Z">
          <reporter-output>
          </reporter-output>
        </test-method> <!-- executing -->
        <test-method status="PASS" signature="login()[pri:2, instance:com.pack.home.TestExecution.TestRun@42dafa95]" name="login" duration-ms="20535" started-at="2017-10-24T19:13:27Z" description="Performs an successful login and checks the dashboard url (passes)" finished-at="2017-10-24T19:13:47Z">
          <reporter-output>
          </reporter-output>
        </test-method> <!-- login -->
        <test-method status="PASS" signature="parentallink()[pri:2, instance:com.pack.home.TestExecution.TestRun@42dafa95]" name="parentallink" duration-ms="6496" started-at="2017-10-24T19:13:47Z" description="Tries to navigate to Parental Control (passes)" finished-at="2017-10-24T19:13:54Z">
          <reporter-output>
          </reporter-output>
        </test-method> <!-- parentallink -->
        <test-method status="PASS" signature="advancedlink()[pri:4, instance:com.pack.home.TestExecution.TestRun@42dafa95]" name="advancedlink" duration-ms="5115" started-at="2017-10-24T19:13:54Z" description="Tries to navigate to Blocked List (passes)" finished-at="2017-10-24T19:13:59Z">
          <reporter-output>
          </reporter-output>
        </test-method> <!-- advancedlink -->
        <test-method status="PASS" signature="blockedlink()[pri:4, instance:com.pack.home.TestExecution.TestRun@42dafa95]" name="blockedlink" duration-ms="5199" started-at="2017-10-24T19:13:59Z" description="Tries to navigate to Blocked List (passes)" finished-at="2017-10-24T19:14:04Z">
          <reporter-output>
          </reporter-output>
        </test-method> <!-- blockedlink -->
        <test-method status="PASS" signature="selectlink()[pri:4, instance:com.pack.home.TestExecution.TestRun@42dafa95]" name="selectlink" duration-ms="1020" started-at="2017-10-24T19:14:04Z" description="Tries to navigate to Advanced List (passes)" finished-at="2017-10-24T19:14:05Z">
          <reporter-output>
          </reporter-output>
        </test-method> <!-- selectlink -->
        <test-method status="PASS" signature="selectlink2()[pri:4, instance:com.pack.home.TestExecution.TestRun@42dafa95]" name="selectlink2" duration-ms="1012" started-at="2017-10-24T19:14:05Z" description="Tries to navigate to Blocked List (passes)" finished-at="2017-10-24T19:14:06Z">
          <reporter-output>
          </reporter-output>
        </test-method> <!-- selectlink2 -->
        <test-method status="PASS" signature="customlink()[pri:5, instance:com.pack.home.TestExecution.TestRun@42dafa95]" name="customlink" duration-ms="5122" started-at="2017-10-24T19:14:06Z" description="Tries to navigate to Custom List (passes)" finished-at="2017-10-24T19:14:11Z">
          <reporter-output>
          </reporter-output>
        </test-method> <!-- customlink -->
        <test-method status="PASS" signature="Customurl()[pri:8, instance:com.pack.home.TestExecution.TestRun@42dafa95]" name="Customurl" duration-ms="12997" started-at="2017-10-24T19:14:11Z" description="Perform Custom blocking of email (passes)" finished-at="2017-10-24T19:14:24Z">
          <reporter-output>
          </reporter-output>
        </test-method> <!-- Customurl -->
        <test-method status="PASS" signature="Schedulelink()[pri:9, instance:com.pack.home.TestExecution.TestRun@42dafa95]" name="Schedulelink" duration-ms="5260" started-at="2017-10-24T19:14:24Z" description="Tries to navigate to Schedule part (passes)" finished-at="2017-10-24T19:14:29Z">
          <reporter-output>
          </reporter-output>
        </test-method> <!-- Schedulelink -->
        <test-method status="PASS" signature="timeschedule1()[pri:10, instance:com.pack.home.TestExecution.TestRun@42dafa95]" name="timeschedule1" duration-ms="5154" started-at="2017-10-24T19:14:29Z" description="Tries to navigate to Time schedule tab (passes)" finished-at="2017-10-24T19:14:34Z">
          <reporter-output>
          </reporter-output>
        </test-method> <!-- timeschedule1 -->
        <test-method status="PASS" signature="Paybilllink()[pri:11, instance:com.pack.home.TestExecution.TestRun@42dafa95]" name="Paybilllink" duration-ms="3218" started-at="2017-10-24T19:14:34Z" description="Tries to pass value to Day schedule tab (passes)" finished-at="2017-10-24T19:14:38Z">
          <reporter-output>
          </reporter-output>
        </test-method> <!-- Paybilllink -->
        <test-method status="PASS" signature="timeblock()[pri:11, instance:com.pack.home.TestExecution.TestRun@42dafa95]" name="timeblock" duration-ms="18367" started-at="2017-10-24T19:14:38Z" description="Tries to pass value to Time schedule tab (passes)" finished-at="2017-10-24T19:14:56Z">
          <reporter-output>
          </reporter-output>
        </test-method> <!-- timeblock -->
        <test-method status="PASS" signature="afterMethod()[pri:0, instance:com.pack.home.TestExecution.TestRun@42dafa95]" name="afterMethod" is-config="true" duration-ms="1815" started-at="2017-10-24T19:14:56Z" finished-at="2017-10-24T19:14:58Z">
          <reporter-output>
          </reporter-output>
        </test-method> <!-- afterMethod -->
      </class> <!-- com.pack.home.TestExecution.TestRun -->
    </test> <!-- Default test -->
  </suite> <!-- Default suite -->
</testng-results>
